<?xml version="1.0" encoding="UTF-8"?>
<!-- Generated by org.testng.reporters.JUnitReportReporter -->
<testsuite hostname="Soumya" failures="0" tests="1" name="Practice.TestClass" time="0.017" errors="0" timestamp="2023-04-18T20:39:49 IST" skipped="0">
  <testcase classname="Practice.TestClass" name="method" time="0.017"/>
  <system-out/>
</testsuite> <!-- Practice.TestClass -->
